[接口]:
[时间]:2018-01-06 15:32:49
[描述]:Lexer->
[内容]:{
  "log_id": 7723934809822384040,
  "text": "长沙天气",
  "items": [
    {
      "loc_details": [],
      "byte_offset": 0,
      "uri": "",
      "pos": "",
      "ne": "LOC",
      "item": "长沙",
      "basic_words": [
        "长沙"
      ],
      "byte_length": 4,
      "formal": ""
    },
    {
      "loc_details": [],
      "byte_offset": 4,
      "uri": "",
      "pos": "n",
      "ne": "",
      "item": "天气",
      "basic_words": [
        "天气"
      ],
      "byte_length": 4,
      "formal": ""
    }
  ]
}
------------------------------------------------------------
[接口]:
[时间]:2018-01-06 15:32:49
[描述]:SentimentClassify->
[内容]:{
  "log_id": 5875486750218916955,
  "text": "长沙天气",
  "items": [
    {
      "postag": "ns",
      "head": 2,
      "word": "长沙",
      "deprel": "ATT"
    },
    {
      "postag": "n",
      "head": 0,
      "word": "天气",
      "deprel": "HED"
    }
  ]
}
------------------------------------------------------------
[接口]:
[时间]:2018-01-06 15:32:51
[描述]:SentimentClassify->
[内容]:{
  "log_id": 1117427720524310116,
  "text": "长沙天气",
  "items": [
    {
      "positive_prob": 0.692503,
      "confidence": 0.316674,
      "negative_prob": 0.307497,
      "sentiment": 2
    }
  ]
}
------------------------------------------------------------
